Fri Oct 14 2022 05:41:18 GMT+0000 (Coordinated Universal Time) - info: Server is running on port 8081.
Fri Oct 14 2022 05:43:10 GMT+0000 (Coordinated Universal Time) - info: Server is running on port 8081.
Fri Oct 14 2022 05:43:10 GMT+0000 (Coordinated Universal Time) - info: Synced db.
Fri Oct 14 2022 05:43:31 GMT+0000 (Coordinated Universal Time) - info: Successfuly uploaded image to bucket
Fri Oct 14 2022 05:43:31 GMT+0000 (Coordinated Universal Time) - info: Successfuly saved the image with tag
Fri Oct 14 2022 05:47:50 GMT+0000 (Coordinated Universal Time) - info: Server is running on port 8081.
Fri Oct 14 2022 05:47:50 GMT+0000 (Coordinated Universal Time) - info: Synced db.
Fri Oct 14 2022 05:47:54 GMT+0000 (Coordinated Universal Time) - error: Error in saving image and tag data hash is not defined
Fri Oct 14 2022 05:47:54 GMT+0000 (Coordinated Universal Time) - error: Error in uploding and tagging image in controller hash is not defined
Fri Oct 14 2022 05:48:16 GMT+0000 (Coordinated Universal Time) - error: Error in saving image and tag data hash is not defined
Fri Oct 14 2022 05:48:16 GMT+0000 (Coordinated Universal Time) - error: Error in uploding and tagging image in controller hash is not defined
Fri Oct 14 2022 05:48:50 GMT+0000 (Coordinated Universal Time) - info: Server is running on port 8081.
Fri Oct 14 2022 05:48:50 GMT+0000 (Coordinated Universal Time) - info: Synced db.
Fri Oct 14 2022 05:48:54 GMT+0000 (Coordinated Universal Time) - info: Successfuly uploaded image to bucket
Fri Oct 14 2022 05:48:54 GMT+0000 (Coordinated Universal Time) - info: Successfuly saved the image with tag
Fri Oct 14 2022 06:49:57 GMT+0000 (Coordinated Universal Time) - info: Server is running on port 8081.
Fri Oct 14 2022 06:49:58 GMT+0000 (Coordinated Universal Time) - info: Synced db.
Fri Oct 14 2022 06:50:29 GMT+0000 (Coordinated Universal Time) - info: Successfuly uploaded image to bucket
Fri Oct 14 2022 06:50:29 GMT+0000 (Coordinated Universal Time) - info: Successfuly saved the image with tag
Fri Oct 14 2022 06:50:40 GMT+0000 (Coordinated Universal Time) - info: Successfuly uploaded image to bucket
Fri Oct 14 2022 06:50:40 GMT+0000 (Coordinated Universal Time) - info: Successfuly saved the image with tag
Fri Oct 14 2022 06:51:44 GMT+0000 (Coordinated Universal Time) - info: Server is running on port 8081.
Fri Oct 14 2022 06:51:44 GMT+0000 (Coordinated Universal Time) - info: Synced db.
Fri Oct 14 2022 06:51:56 GMT+0000 (Coordinated Universal Time) - info: Successfuly uploaded image to bucket
Fri Oct 14 2022 06:51:56 GMT+0000 (Coordinated Universal Time) - info: Successfuly saved the image with tag
Fri Oct 14 2022 06:52:04 GMT+0000 (Coordinated Universal Time) - info: Successfuly uploaded image to bucket
Fri Oct 14 2022 06:52:04 GMT+0000 (Coordinated Universal Time) - info: Successfuly saved the image with tag
Fri Oct 14 2022 09:04:28 GMT+0000 (Coordinated Universal Time) - info: Server is running on port 8081.
Fri Oct 14 2022 09:04:28 GMT+0000 (Coordinated Universal Time) - info: Synced db.
Fri Oct 14 2022 09:04:48 GMT+0000 (Coordinated Universal Time) - info: Successfuly uploaded image to bucket
Fri Oct 14 2022 09:04:48 GMT+0000 (Coordinated Universal Time) - info: Successfuly saved the image with tag
Fri Oct 14 2022 09:05:22 GMT+0000 (Coordinated Universal Time) - info: Server is running on port 8081.
Fri Oct 14 2022 09:05:22 GMT+0000 (Coordinated Universal Time) - info: Synced db.
Fri Oct 14 2022 09:05:44 GMT+0000 (Coordinated Universal Time) - info: Successfuly uploaded image to bucket
Fri Oct 14 2022 09:05:44 GMT+0000 (Coordinated Universal Time) - info: Successfuly saved the image with tag
Fri Oct 14 2022 09:06:04 GMT+0000 (Coordinated Universal Time) - info: Server is running on port 8081.
Fri Oct 14 2022 09:06:04 GMT+0000 (Coordinated Universal Time) - info: Synced db.
Fri Oct 14 2022 09:06:09 GMT+0000 (Coordinated Universal Time) - info: Successfuly uploaded image to bucket
Fri Oct 14 2022 09:06:09 GMT+0000 (Coordinated Universal Time) - info: Successfuly saved the image with tag
Fri Oct 14 2022 09:08:44 GMT+0000 (Coordinated Universal Time) - info: Server is running on port 8081.
Fri Oct 14 2022 09:08:45 GMT+0000 (Coordinated Universal Time) - info: Synced db.
Fri Oct 14 2022 09:08:53 GMT+0000 (Coordinated Universal Time) - info: Successfuly uploaded image to bucket
Fri Oct 14 2022 09:08:53 GMT+0000 (Coordinated Universal Time) - info: Successfuly saved the image with tag
Fri Oct 14 2022 09:11:13 GMT+0000 (Coordinated Universal Time) - info: Server is running on port 8081.
Fri Oct 14 2022 09:11:13 GMT+0000 (Coordinated Universal Time) - info: Synced db.
Fri Oct 14 2022 09:11:20 GMT+0000 (Coordinated Universal Time) - info: Successfuly uploaded image to bucket
Fri Oct 14 2022 09:11:20 GMT+0000 (Coordinated Universal Time) - info: Successfuly saved the image with tag
Fri Oct 14 2022 09:11:44 GMT+0000 (Coordinated Universal Time) - info: Successfuly uploaded image to bucket
Fri Oct 14 2022 09:11:44 GMT+0000 (Coordinated Universal Time) - info: Successfuly saved the image with tag
Fri Oct 14 2022 09:59:36 GMT+0000 (Coordinated Universal Time) - info: Server is running on port 8081.
Fri Oct 14 2022 09:59:36 GMT+0000 (Coordinated Universal Time) - info: Synced db.
Fri Oct 14 2022 10:00:06 GMT+0000 (Coordinated Universal Time) - info: Successfuly uploaded image to bucket
Fri Oct 14 2022 10:00:06 GMT+0000 (Coordinated Universal Time) - info: Successfuly saved the image with tag
Fri Oct 14 2022 10:00:38 GMT+0000 (Coordinated Universal Time) - info: Server is running on port 8081.
Fri Oct 14 2022 10:00:38 GMT+0000 (Coordinated Universal Time) - info: Synced db.
Fri Oct 14 2022 10:00:47 GMT+0000 (Coordinated Universal Time) - info: Successfuly uploaded image to bucket
Fri Oct 14 2022 10:00:47 GMT+0000 (Coordinated Universal Time) - info: Successfuly saved the image with tag
